Determining if the pthread_create exist failed with the following output:
Change Dir: /home/mpheng/workspace/dev_workspace/cpp_random_stuff/beast_websocket/src/websocket/server/sync/build/CMakeFiles/CMakeTmp

Run Build Command:"/usr/bin/make" "cmTC_1947b/fast"
/usr/bin/make -f CMakeFiles/cmTC_1947b.dir/build.make CMakeFiles/cmTC_1947b.dir/build
make[1]: Entering directory '/home/mpheng/workspace/dev_workspace/cpp_random_stuff/beast_websocket/src/websocket/server/sync/build/CMakeFiles/CMakeTmp'
Building C object CMakeFiles/cmTC_1947b.dir/CheckSymbolExists.c.o
/usr/bin/cc    -o CMakeFiles/cmTC_1947b.dir/CheckSymbolExists.c.o   -c /home/mpheng/workspace/dev_workspace/cpp_random_stuff/beast_websocket/src/websocket/server/sync/build/CMakeFiles/CMakeTmp/CheckSymbolExists.c
Linking C executable cmTC_1947b
/usr/bin/cmake -E cmake_link_script CMakeFiles/cmTC_1947b.dir/link.txt --verbose=1
/usr/bin/cc      CMakeFiles/cmTC_1947b.dir/CheckSymbolExists.c.o  -o cmTC_1947b 
CMakeFiles/cmTC_1947b.dir/CheckSymbolExists.c.o: In function `main':
CheckSymbolExists.c:(.text+0x1b): undefined reference to `pthread_create'
collect2: error: ld returned 1 exit status
CMakeFiles/cmTC_1947b.dir/build.make:97: recipe for target 'cmTC_1947b' failed
make[1]: *** [cmTC_1947b] Error 1
make[1]: Leaving directory '/home/mpheng/workspace/dev_workspace/cpp_random_stuff/beast_websocket/src/websocket/server/sync/build/CMakeFiles/CMakeTmp'
Makefile:126: recipe for target 'cmTC_1947b/fast' failed
make: *** [cmTC_1947b/fast] Error 2

File /home/mpheng/workspace/dev_workspace/cpp_random_stuff/beast_websocket/src/websocket/server/sync/build/CMakeFiles/CMakeTmp/CheckSymbolExists.c:
/* */
#include <pthread.h>

int main(int argc, char** argv)
{
  (void)argv;
#ifndef pthread_create
  return ((int*)(&pthread_create))[argc];
#else
  (void)argc;
  return 0;
#endif
}

Determining if the function pthread_create exists in the pthreads failed with the following output:
Change Dir: /home/mpheng/workspace/dev_workspace/cpp_random_stuff/beast_websocket/src/websocket/server/sync/build/CMakeFiles/CMakeTmp

Run Build Command:"/usr/bin/make" "cmTC_2c207/fast"
/usr/bin/make -f CMakeFiles/cmTC_2c207.dir/build.make CMakeFiles/cmTC_2c207.dir/build
make[1]: Entering directory '/home/mpheng/workspace/dev_workspace/cpp_random_stuff/beast_websocket/src/websocket/server/sync/build/CMakeFiles/CMakeTmp'
Building C object CMakeFiles/cmTC_2c207.dir/CheckFunctionExists.c.o
/usr/bin/cc   -DCHECK_FUNCTION_EXISTS=pthread_create   -o CMakeFiles/cmTC_2c207.dir/CheckFunctionExists.c.o   -c /usr/share/cmake-3.10/Modules/CheckFunctionExists.c
Linking C executable cmTC_2c207
/usr/bin/cmake -E cmake_link_script CMakeFiles/cmTC_2c207.dir/link.txt --verbose=1
/usr/bin/cc  -DCHECK_FUNCTION_EXISTS=pthread_create    CMakeFiles/cmTC_2c207.dir/CheckFunctionExists.c.o  -o cmTC_2c207 -lpthreads 
/usr/bin/ld: cannot find -lpthreads
collect2: error: ld returned 1 exit status
CMakeFiles/cmTC_2c207.dir/build.make:97: recipe for target 'cmTC_2c207' failed
make[1]: *** [cmTC_2c207] Error 1
make[1]: Leaving directory '/home/mpheng/workspace/dev_workspace/cpp_random_stuff/beast_websocket/src/websocket/server/sync/build/CMakeFiles/CMakeTmp'
Makefile:126: recipe for target 'cmTC_2c207/fast' failed
make: *** [cmTC_2c207/fast] Error 2


